Browserslist: caniuse-lite is outdated. Please run next command `yarn upgrade`
> Using external babel configuration
> Location: "/home/bitnami/projects/seandroke.com/.babelrc"
[ ready ] compiled successfully
[ wait ]  compiling ...
> Ready on http://localhost:3007
[ ready ] compiled successfully
[ event ] build page: /
[ wait ]  compiling ...
[ ready ] compiled successfully
Warning: Failed prop type: The prop `t` is marked as required in `Education`, but its value is `undefined`.
    in Education
    in Landing
    in div
    in Transition
    in Fragment
    in PageTransition
    in div
    in Context.Provider
    in ThemeProvider
    in Context.Provider
    in StylesProvider
    in Container
    in MyApp
    in withI18nextSSR(MyApp)
    in NextStaticProvider
    in withI18nextTranslation(NextStaticProvider)
    in Context.Provider
    in I18nextProvider
    in AppWithTranslation
    in withRouter(AppWithTranslation)
    in Context.Provider
    in StylesProvider
    in Unknown
    in Context.Provider
    in Context.Provider
    in Context.Provider
    in Context.Provider
    in Context.Provider
    in AppContainer
Warning: Failed prop type: Invalid prop `variant` of value `p` supplied to `ForwardRef(Typography)`, expected one of ["h1","h2","h3","h4","h5","h6","subtitle1","subtitle2","body1","body2","caption","button","overline","srOnly","inherit"].
    in ForwardRef(Typography)
    in WithStyles(ForwardRef(Typography))
    in div
    in div
    in div
    in div
    in ForwardRef(Grid)
    in WithStyles(ForwardRef(Grid))
    in div
    in ForwardRef(Grid)
    in WithStyles(ForwardRef(Grid))
    in div
    in ForwardRef(Container)
    in WithStyles(ForwardRef(Container))
    in div
    in Education
    in section
    in div
    in Fragment
    in Landing
    in div
    in Transition
    in Fragment
    in PageTransition
    in div
    in Context.Provider
    in ThemeProvider
    in Context.Provider
    in StylesProvider
    in Container
    in MyApp
    in withI18nextSSR(MyApp)
    in NextStaticProvider
    in withI18nextTranslation(NextStaticProvider)
    in Context.Provider
    in I18nextProvider
    in AppWithTranslation
    in withRouter(AppWithTranslation)
    in Context.Provider
    in StylesProvider
    in Unknown
    in Context.Provider
    in Context.Provider
    in Context.Provider
    in Context.Provider
    in Context.Provider
    in AppContainer
Warning: Failed prop type: AvatarBuble: prop type `image` is invalid; it must be a function, usually from the `prop-types` package, but received `undefined`.
    in AvatarBuble
    in Location
    in section
    in div
    in div
    in Fragment
    in Landing
    in div
    in Transition
    in Fragment
    in PageTransition
    in div
    in Context.Provider
    in ThemeProvider
    in Context.Provider
    in StylesProvider
    in Container
    in MyApp
    in withI18nextSSR(MyApp)
    in NextStaticProvider
    in withI18nextTranslation(NextStaticProvider)
    in Context.Provider
    in I18nextProvider
    in AppWithTranslation
    in withRouter(AppWithTranslation)
    in Context.Provider
    in StylesProvider
    in Unknown
    in Context.Provider
    in Context.Provider
    in Context.Provider
    in Context.Provider
    in Context.Provider
    in AppContainer
[ event ] build page: /_error
[ wait ]  compiling ...
[ ready ] compiled successfully
react-i18next:: i18n.languages were undefined or empty undefined
[ event ] disposing inactive page(s): /_error
[ event ] build page: /_error
[ wait ]  compiling ...
[ ready ] compiled successfully
react-i18next:: i18n.languages were undefined or empty undefined
[ event ] disposing inactive page(s): /_error
[ event ] build page: /_error
[ wait ]  compiling ...
[ ready ] compiled successfully
react-i18next:: i18n.languages were undefined or empty undefined
[ event ] disposing inactive page(s): /_error
[ event ] build page: /_error
[ wait ]  compiling ...
[ ready ] compiled successfully
react-i18next:: i18n.languages were undefined or empty undefined
[ event ] disposing inactive page(s): /_error
[ event ] build page: /_error
[ wait ]  compiling ...
[ ready ] compiled successfully
react-i18next:: i18n.languages were undefined or empty undefined
[ event ] disposing inactive page(s): /_error
[ event ] build page: /_error
[ wait ]  compiling ...
[ ready ] compiled successfully
[ event ] disposing inactive page(s): /_error
[ event ] build page: /_error
[ wait ]  compiling ...
[ ready ] compiled successfully
[ event ] disposing inactive page(s): /_error
[ event ] build page: /_error
[ wait ]  compiling ...
[ ready ] compiled successfully
react-i18next:: i18n.languages were undefined or empty undefined
[ event ] disposing inactive page(s): /_error
[ event ] build page: /_error
[ wait ]  compiling ...
[ ready ] compiled successfully
react-i18next:: i18n.languages were undefined or empty undefined
[ event ] disposing inactive page(s): /_error
[ event ] build page: /_error
[ wait ]  compiling ...
[ ready ] compiled successfully
react-i18next:: i18n.languages were undefined or empty undefined
[ event ] disposing inactive page(s): /_error
[ event ] build page: /_error
[ wait ]  compiling ...
[ ready ] compiled successfully
react-i18next:: i18n.languages were undefined or empty undefined
[ event ] disposing inactive page(s): /_error
[ event ] build page: /_error
[ wait ]  compiling ...
[ ready ] compiled successfully
[ event ] disposing inactive page(s): /_error
[ event ] build page: /_error
[ wait ]  compiling ...
[ ready ] compiled successfully
react-i18next:: i18n.languages were undefined or empty undefined
[ event ] disposing inactive page(s): /_error
[ event ] build page: /_error
[ wait ]  compiling ...
[ ready ] compiled successfully
react-i18next:: i18n.languages were undefined or empty undefined
[ event ] disposing inactive page(s): /_error
[ event ] build page: /_error
[ wait ]  compiling ...
[ ready ] compiled successfully
react-i18next:: i18n.languages were undefined or empty undefined
[ event ] disposing inactive page(s): /_error
[ event ] build page: /_error
[ wait ]  compiling ...
[ ready ] compiled successfully
react-i18next:: i18n.languages were undefined or empty undefined
[ event ] disposing inactive page(s): /_error
[ event ] build page: /_error
[ wait ]  compiling ...
[ ready ] compiled successfully
react-i18next:: i18n.languages were undefined or empty undefined
[ event ] disposing inactive page(s): /_error
[ event ] build page: /_error
[ wait ]  compiling ...
[ ready ] compiled successfully
react-i18next:: i18n.languages were undefined or empty undefined
[ event ] disposing inactive page(s): /_error
[ event ] build page: /_error
[ wait ]  compiling ...
[ ready ] compiled successfully
react-i18next:: i18n.languages were undefined or empty undefined
[ event ] disposing inactive page(s): /_error
[ event ] build page: /_error
[ wait ]  compiling ...
[ ready ] compiled successfully
react-i18next:: i18n.languages were undefined or empty undefined
[ event ] disposing inactive page(s): /_error
[ event ] build page: /_error
[ wait ]  compiling ...
[ ready ] compiled successfully
react-i18next:: i18n.languages were undefined or empty undefined
[ event ] disposing inactive page(s): /_error
[ event ] build page: /_error
[ wait ]  compiling ...
[ ready ] compiled successfully
react-i18next:: i18n.languages were undefined or empty undefined
[ event ] disposing inactive page(s): /_error
[ event ] build page: /_error
[ wait ]  compiling ...
[ ready ] compiled successfully
react-i18next:: i18n.languages were undefined or empty undefined
[ event ] disposing inactive page(s): /_error
[ event ] build page: /_error
[ wait ]  compiling ...
[ ready ] compiled successfully
react-i18next:: i18n.languages were undefined or empty undefined
[ event ] disposing inactive page(s): /_error
[ event ] build page: /_error
[ wait ]  compiling ...
[ ready ] compiled successfully
react-i18next:: i18n.languages were undefined or empty undefined
[ event ] disposing inactive page(s): /_error
[ event ] build page: /_error
[ wait ]  compiling ...
[ ready ] compiled successfully
react-i18next:: i18n.languages were undefined or empty undefined
[ event ] disposing inactive page(s): /_error
[ event ] build page: /_error
[ wait ]  compiling ...
[ ready ] compiled successfully
react-i18next:: i18n.languages were undefined or empty undefined
[ event ] disposing inactive page(s): /_error
[ event ] build page: /_error
[ wait ]  compiling ...
[ ready ] compiled successfully
react-i18next:: i18n.languages were undefined or empty undefined
[ event ] disposing inactive page(s): /_error
[ event ] build page: /_error
[ wait ]  compiling ...
[ ready ] compiled successfully
react-i18next:: i18n.languages were undefined or empty undefined
[ event ] disposing inactive page(s): /_error
[ event ] build page: /_error
[ wait ]  compiling ...
[ ready ] compiled successfully
react-i18next:: i18n.languages were undefined or empty undefined
[ event ] disposing inactive page(s): /_error
[ event ] build page: /_error
[ wait ]  compiling ...
[ ready ] compiled successfully
[ event ] disposing inactive page(s): /_error
[ event ] build page: /_error
[ wait ]  compiling ...
[ ready ] compiled successfully
[ event ] disposing inactive page(s): /_error
[ event ] build page: /_error
[ wait ]  compiling ...
[ ready ] compiled successfully
react-i18next:: i18n.languages were undefined or empty undefined
[ event ] disposing inactive page(s): /_error
[ event ] build page: /_error
[ wait ]  compiling ...
[ ready ] compiled successfully
[ event ] disposing inactive page(s): /_error
[ event ] build page: /_error
[ wait ]  compiling ...
[ ready ] compiled successfully
react-i18next:: i18n.languages were undefined or empty undefined
[ event ] disposing inactive page(s): /_error
[ event ] build page: /_error
[ wait ]  compiling ...
[ ready ] compiled successfully
[ event ] disposing inactive page(s): /_error
[ event ] build page: /_error
[ wait ]  compiling ...
[ ready ] compiled successfully
[ event ] disposing inactive page(s): /_error
[ event ] build page: /_error
[ wait ]  compiling ...
[ ready ] compiled successfully
react-i18next:: i18n.languages were undefined or empty undefined
[ event ] disposing inactive page(s): /_error
[ event ] build page: /_error
[ wait ]  compiling ...
[ ready ] compiled successfully
react-i18next:: i18n.languages were undefined or empty undefined
[ event ] disposing inactive page(s): /_error
[ event ] build page: /_error
[ wait ]  compiling ...
[ ready ] compiled successfully
react-i18next:: i18n.languages were undefined or empty undefined
[ event ] disposing inactive page(s): /_error
[ event ] build page: /_error
[ wait ]  compiling ...
[ ready ] compiled successfully
react-i18next:: i18n.languages were undefined or empty undefined
[ event ] disposing inactive page(s): /_error
[ event ] build page: /_error
[ wait ]  compiling ...
[ ready ] compiled successfully
[ event ] disposing inactive page(s): /_error
[ event ] build page: /_error
[ wait ]  compiling ...
[ ready ] compiled successfully
react-i18next:: i18n.languages were undefined or empty undefined
[ event ] disposing inactive page(s): /_error
[ event ] build page: /_error
[ wait ]  compiling ...
[ ready ] compiled successfully
[ event ] disposing inactive page(s): /_error
[ event ] build page: /_error
[ wait ]  compiling ...
[ event ] build page: /_error
react-i18next:: i18n.languages were undefined or empty undefined
[ ready ] compiled successfully
react-i18next:: i18n.languages were undefined or empty undefined
[ event ] disposing inactive page(s): /_error
[ event ] build page: /_error
[ wait ]  compiling ...
[ ready ] compiled successfully
react-i18next:: i18n.languages were undefined or empty undefined
[ event ] disposing inactive page(s): /_error
[ event ] build page: /_error
[ wait ]  compiling ...
[ ready ] compiled successfully
[ event ] disposing inactive page(s): /_error
[ event ] build page: /_error
[ wait ]  compiling ...
[ ready ] compiled successfully
react-i18next:: i18n.languages were undefined or empty undefined
[ event ] disposing inactive page(s): /_error
[ event ] build page: /_error
[ wait ]  compiling ...
[ ready ] compiled successfully
react-i18next:: i18n.languages were undefined or empty undefined
[ event ] disposing inactive page(s): /_error
[ event ] build page: /_error
[ wait ]  compiling ...
[ ready ] compiled successfully
react-i18next:: i18n.languages were undefined or empty undefined
[ event ] disposing inactive page(s): /_error
[ event ] build page: /_error
[ wait ]  compiling ...

<--- Last few GCs --->

[1764:0x35fd420] 180460569 ms: Mark-sweep 251.5 (256.6) -> 248.4 (253.6) MB, 320.2 / 0.0 ms  (average mu = 0.166, current mu = 0.101) allocation failure scavenge might not succeed
[1764:0x35fd420] 180460933 ms: Mark-sweep 253.9 (259.0) -> 248.3 (253.6) MB, 309.9 / 0.0 ms  (average mu = 0.158, current mu = 0.149) allocation failure scavenge might not succeed
[1764:0x35fd420] 180460935 ms: Scavenge 248.4 (253.7) -> 248.3 (253.6) MB, 0.9 / 0.0 ms  (average mu = 0.158, current mu = 0.149) allocation failure 


<--- JS stacktrace --->

==== JS stack trace =========================================

    0: ExitFrame [pc: 0x13a71b9]
    1: StubFrame [pc: 0x1403352]
Security context: 0x370688b008d1 <JSObject>
    2: nextTick [0xc7a25974779] [internal/process/task_queues.js:129] [bytecode=0x198e583f9fd1 offset=319](this=0x07987f382899 <process map = 0x34b2e8ae15e9>,0x36cd183bd7c1 <JSFunction emitReadable_ (sfi = 0x61215f6aa19)>)
    3: arguments adaptor frame: 2->1
    4: emitReadable(aka emitReadable) [0x36cd183bd781] [_stream_readable...

FATAL ERROR: Ineffective mark-compacts near heap limit Allocation failed - JavaScript heap out of memory
 1: 0x9ef190 node::Abort() [/opt/bitnami/nodejs/bin/.node.bin]
 2: 0x9f13b2 node::OnFatalError(char const*, char const*) [/opt/bitnami/nodejs/bin/.node.bin]
 3: 0xb5da9e v8::Utils::ReportOOMFailure(v8::internal::Isolate*, char const*, bool) [/opt/bitnami/nodejs/bin/.node.bin]
 4: 0xb5de19 v8::internal::V8::FatalProcessOutOfMemory(v8::internal::Isolate*, char const*, bool) [/opt/bitnami/nodejs/bin/.node.bin]
 5: 0xd0a765  [/opt/bitnami/nodejs/bin/.node.bin]
 6: 0xd0adf6 v8::internal::Heap::RecomputeLimits(v8::internal::GarbageCollector) [/opt/bitnami/nodejs/bin/.node.bin]
 7: 0xd1760a v8::internal::Heap::PerformGarbageCollection(v8::internal::GarbageCollector, v8::GCCallbackFlags) [/opt/bitnami/nodejs/bin/.node.bin]
 8: 0xd18515 v8::internal::Heap::CollectGarbage(v8::internal::AllocationSpace, v8::internal::GarbageCollectionReason, v8::GCCallbackFlags) [/opt/bitnami/nodejs/bin/.node.bin]
 9: 0xd1afcc v8::internal::Heap::AllocateRawWithRetryOrFail(int, v8::internal::AllocationType, v8::internal::AllocationOrigin, v8::internal::AllocationAlignment) [/opt/bitnami/nodejs/bin/.node.bin]
10: 0xce75f1 v8::internal::Factory::NewTransitionArray(int, int) [/opt/bitnami/nodejs/bin/.node.bin]
11: 0xf30357 v8::internal::TransitionsAccessor::Insert(v8::internal::Handle<v8::internal::Name>, v8::internal::Handle<v8::internal::Map>, v8::internal::SimpleTransitionFlag) [/opt/bitnami/nodejs/bin/.node.bin]
12: 0xedcf07 v8::internal::Map::ConnectTransition(v8::internal::Isolate*, v8::internal::Handle<v8::internal::Map>, v8::internal::Handle<v8::internal::Map>, v8::internal::Handle<v8::internal::Name>, v8::internal::SimpleTransitionFlag) [/opt/bitnami/nodejs/bin/.node.bin]
13: 0xedf53e v8::internal::Map::CopyReplaceDescriptors(v8::internal::Isolate*, v8::internal::Handle<v8::internal::Map>, v8::internal::Handle<v8::internal::DescriptorArray>, v8::internal::Handle<v8::internal::LayoutDescriptor>, v8::internal::TransitionFlag, v8::internal::MaybeHandle<v8::internal::Name>, char const*, v8::internal::SimpleTransitionFlag) [/opt/bitnami/nodejs/bin/.node.bin]
14: 0xedfbea v8::internal::Map::CopyAddDescriptor(v8::internal::Isolate*, v8::internal::Handle<v8::internal::Map>, v8::internal::Descriptor*, v8::internal::TransitionFlag) [/opt/bitnami/nodejs/bin/.node.bin]
15: 0xedfe29 v8::internal::Map::CopyWithField(v8::internal::Isolate*, v8::internal::Handle<v8::internal::Map>, v8::internal::Handle<v8::internal::Name>, v8::internal::Handle<v8::internal::FieldType>, v8::internal::PropertyAttributes, v8::internal::PropertyConstness, v8::internal::Representation, v8::internal::TransitionFlag) [/opt/bitnami/nodejs/bin/.node.bin]
16: 0xee15f2 v8::internal::Map::TransitionToDataProperty(v8::internal::Isolate*, v8::internal::Handle<v8::internal::Map>, v8::internal::Handle<v8::internal::Name>, v8::internal::Handle<v8::internal::Object>, v8::internal::PropertyAttributes, v8::internal::PropertyConstness, v8::internal::StoreOrigin) [/opt/bitnami/nodejs/bin/.node.bin]
17: 0xed1cdf v8::internal::LookupIterator::PrepareTransitionToDataProperty(v8::internal::Handle<v8::internal::JSReceiver>, v8::internal::Handle<v8::internal::Object>, v8::internal::PropertyAttributes, v8::internal::StoreOrigin) [/opt/bitnami/nodejs/bin/.node.bin]
18: 0xf05566 v8::internal::Object::AddDataProperty(v8::internal::LookupIterator*, v8::internal::Handle<v8::internal::Object>, v8::internal::PropertyAttributes, v8::Maybe<v8::internal::ShouldThrow>, v8::internal::StoreOrigin) [/opt/bitnami/nodejs/bin/.node.bin]
19: 0xeb08e0 v8::internal::JSObject::DefineOwnPropertyIgnoreAttributes(v8::internal::LookupIterator*, v8::internal::Handle<v8::internal::Object>, v8::internal::PropertyAttributes, v8::Maybe<v8::internal::ShouldThrow>, v8::internal::JSObject::AccessorInfoHandling) [/opt/bitnami/nodejs/bin/.node.bin]
20: 0x103d5f8 v8::internal::Runtime_DefineDataPropertyInLiteral(int, unsigned long*, v8::internal::Isolate*) [/opt/bitnami/nodejs/bin/.node.bin]
21: 0x13a71b9  [/opt/bitnami/nodejs/bin/.node.bin]
Browserslist: caniuse-lite is outdated. Please run next command `yarn upgrade`
> Using external babel configuration
> Location: "/home/bitnami/projects/seandroke.com/.babelrc"
[ ready ] compiled successfully
[ wait ]  compiling ...
> Ready on http://localhost:3007
[ ready ] compiled successfully
[ event ] build page: /
[ wait ]  compiling ...
[ ready ] compiled successfully
Warning: Failed prop type: The prop `t` is marked as required in `Education`, but its value is `undefined`.
    in Education
    in Landing
    in div
    in Transition
    in Fragment
    in PageTransition
    in div
    in Context.Provider
    in ThemeProvider
    in Context.Provider
    in StylesProvider
    in Container
    in MyApp
    in withI18nextSSR(MyApp)
    in NextStaticProvider
    in withI18nextTranslation(NextStaticProvider)
    in Context.Provider
    in I18nextProvider
    in AppWithTranslation
    in withRouter(AppWithTranslation)
    in Context.Provider
    in StylesProvider
    in Unknown
    in Context.Provider
    in Context.Provider
    in Context.Provider
    in Context.Provider
    in Context.Provider
    in AppContainer
Warning: Failed prop type: Invalid prop `variant` of value `p` supplied to `ForwardRef(Typography)`, expected one of ["h1","h2","h3","h4","h5","h6","subtitle1","subtitle2","body1","body2","caption","button","overline","srOnly","inherit"].
    in ForwardRef(Typography)
    in WithStyles(ForwardRef(Typography))
    in div
    in div
    in div
    in div
    in ForwardRef(Grid)
    in WithStyles(ForwardRef(Grid))
    in div
    in ForwardRef(Grid)
    in WithStyles(ForwardRef(Grid))
    in div
    in ForwardRef(Container)
    in WithStyles(ForwardRef(Container))
    in div
    in Education
    in section
    in div
    in Fragment
    in Landing
    in div
    in Transition
    in Fragment
    in PageTransition
    in div
    in Context.Provider
    in ThemeProvider
    in Context.Provider
    in StylesProvider
    in Container
    in MyApp
    in withI18nextSSR(MyApp)
    in NextStaticProvider
    in withI18nextTranslation(NextStaticProvider)
    in Context.Provider
    in I18nextProvider
    in AppWithTranslation
    in withRouter(AppWithTranslation)
    in Context.Provider
    in StylesProvider
    in Unknown
    in Context.Provider
    in Context.Provider
    in Context.Provider
    in Context.Provider
    in Context.Provider
    in AppContainer
Warning: Failed prop type: AvatarBuble: prop type `image` is invalid; it must be a function, usually from the `prop-types` package, but received `undefined`.
    in AvatarBuble
    in Location
    in section
    in div
    in div
    in Fragment
    in Landing
    in div
    in Transition
    in Fragment
    in PageTransition
    in div
    in Context.Provider
    in ThemeProvider
    in Context.Provider
    in StylesProvider
    in Container
    in MyApp
    in withI18nextSSR(MyApp)
    in NextStaticProvider
    in withI18nextTranslation(NextStaticProvider)
    in Context.Provider
    in I18nextProvider
    in AppWithTranslation
    in withRouter(AppWithTranslation)
    in Context.Provider
    in StylesProvider
    in Unknown
    in Context.Provider
    in Context.Provider
    in Context.Provider
    in Context.Provider
    in Context.Provider
    in AppContainer
[ event ] build page: /_error
[ wait ]  compiling ...
[ ready ] compiled successfully
react-i18next:: i18n.languages were undefined or empty undefined
[ event ] disposing inactive page(s): /_error
[ event ] build page: /_error
[ wait ]  compiling ...
[ ready ] compiled successfully
react-i18next:: i18n.languages were undefined or empty undefined
[ event ] disposing inactive page(s): /_error
[ event ] build page: /_error
[ wait ]  compiling ...
[ ready ] compiled successfully
react-i18next:: i18n.languages were undefined or empty undefined
[ event ] disposing inactive page(s): /_error
[ event ] build page: /_error
[ wait ]  compiling ...
[ ready ] compiled successfully
react-i18next:: i18n.languages were undefined or empty undefined
[ event ] disposing inactive page(s): /_error
[ event ] build page: /_error
[ wait ]  compiling ...
[ ready ] compiled successfully
react-i18next:: i18n.languages were undefined or empty undefined
[ event ] disposing inactive page(s): /_error
[ event ] build page: /_error
[ wait ]  compiling ...
[ ready ] compiled successfully
react-i18next:: i18n.languages were undefined or empty undefined
[ event ] disposing inactive page(s): /_error
[ event ] build page: /_error
[ wait ]  compiling ...
[ ready ] compiled successfully
react-i18next:: i18n.languages were undefined or empty undefined
[ event ] disposing inactive page(s): /_error
[ event ] build page: /_error
[ wait ]  compiling ...
[ ready ] compiled successfully
react-i18next:: i18n.languages were undefined or empty undefined
[ event ] disposing inactive page(s): /_error
[ event ] build page: /_error
[ wait ]  compiling ...
[ ready ] compiled successfully
react-i18next:: i18n.languages were undefined or empty undefined
[ event ] disposing inactive page(s): /_error
[ event ] build page: /_error
[ wait ]  compiling ...
[ ready ] compiled successfully
react-i18next:: i18n.languages were undefined or empty undefined
[ event ] disposing inactive page(s): /_error
[ event ] build page: /_error
[ wait ]  compiling ...
[ ready ] compiled successfully
react-i18next:: i18n.languages were undefined or empty undefined
[ event ] disposing inactive page(s): /_error
[ event ] build page: /_error
[ wait ]  compiling ...
[ ready ] compiled successfully
react-i18next:: i18n.languages were undefined or empty undefined
[ event ] disposing inactive page(s): /_error
[ event ] build page: /_error
[ wait ]  compiling ...
[ ready ] compiled successfully
react-i18next:: i18n.languages were undefined or empty undefined
[ event ] disposing inactive page(s): /_error
[ event ] build page: /_error
[ wait ]  compiling ...
[ ready ] compiled successfully
react-i18next:: i18n.languages were undefined or empty undefined
[ event ] disposing inactive page(s): /_error
[ event ] build page: /_error
[ wait ]  compiling ...
[ ready ] compiled successfully
react-i18next:: i18n.languages were undefined or empty undefined
[ event ] disposing inactive page(s): /_error
[ event ] build page: /_error
[ wait ]  compiling ...
[ ready ] compiled successfully
react-i18next:: i18n.languages were undefined or empty undefined
